0 info it worked if it ends with ok
1 verbose cli [ '/home/codio/.nvm/versions/node/v6.9.4/bin/node',
1 verbose cli   '/home/codio/.nvm/versions/node/v6.9.4/bin/npm',
1 verbose cli   'start' ]
2 info using npm@4.0.5
3 info using node@v6.9.4
4 verbose run-script [ 'prestart', 'start', 'poststart' ]
5 info lifecycle react-essential@1.0.0~prestart: react-essential@1.0.0
6 silly lifecycle react-essential@1.0.0~prestart: no script for prestart, continuing
7 info lifecycle react-essential@1.0.0~start: react-essential@1.0.0
8 verbose lifecycle react-essential@1.0.0~start: unsafe-perm in lifecycle true
9 verbose lifecycle react-essential@1.0.0~start: PATH: /home/codio/.nvm/versions/node/v6.9.4/lib/node_modules/npm/bin/node-gyp-bin:/home/codio/workspace/Ex_Files_React_EssT/Ch03/03_02/start/node_modules/.bin:/home/codio/.yarn/bin:/home/codio/.nvm/versions/node/v6.9.4/bin:/usr/local/sbin:/usr/local/bin:/usr/sbin:/usr/bin:/sbin:/bin:/usr/games:/usr/local/games
10 verbose lifecycle react-essential@1.0.0~start: CWD: /home/codio/workspace/Ex_Files_React_EssT/Ch03/03_02/start
11 silly lifecycle react-essential@1.0.0~start: Args: [ '-c', 'webpack-dev-server' ]
12 silly lifecycle react-essential@1.0.0~start: Returned: code: 1  signal: null
13 info lifecycle react-essential@1.0.0~start: Failed to exec start script
14 verbose stack Error: react-essential@1.0.0 start: `webpack-dev-server`
14 verbose stack Exit status 1
14 verbose stack     at EventEmitter.<anonymous> (/home/codio/.nvm/versions/node/v6.9.4/lib/node_modules/npm/lib/utils/lifecycle.js:279:16)
14 verbose stack     at emitTwo (events.js:106:13)
14 verbose stack     at EventEmitter.emit (events.js:191:7)
14 verbose stack     at ChildProcess.<anonymous> (/home/codio/.nvm/versions/node/v6.9.4/lib/node_modules/npm/lib/utils/spawn.js:40:14)
14 verbose stack     at emitTwo (events.js:106:13)
14 verbose stack     at ChildProcess.emit (events.js:191:7)
14 verbose stack     at maybeClose (internal/child_process.js:877:16)
14 verbose stack     at Process.ChildProcess._handle.onexit (internal/child_process.js:226:5)
15 verbose pkgid react-essential@1.0.0
16 verbose cwd /home/codio/workspace/Ex_Files_React_EssT/Ch03/03_02/start
17 error Linux 4.4.0-57-generic
18 error argv "/home/codio/.nvm/versions/node/v6.9.4/bin/node" "/home/codio/.nvm/versions/node/v6.9.4/bin/npm" "start"
19 error node v6.9.4
20 error npm  v4.0.5
21 error code ELIFECYCLE
22 error react-essential@1.0.0 start: `webpack-dev-server`
22 error Exit status 1
23 error Failed at the react-essential@1.0.0 start script 'webpack-dev-server'.
23 error Make sure you have the latest version of node.js and npm installed.
23 error If you do, this is most likely a problem with the react-essential package,
23 error not with npm itself.
23 error Tell the author that this fails on your system:
23 error     webpack-dev-server
23 error You can get information on how to open an issue for this project with:
23 error     npm bugs react-essential
23 error Or if that isn't available, you can get their info via:
23 error     npm owner ls react-essential
23 error There is likely additional logging output above.
24 verbose exit [ 1, true ]
